<?xml version="1.0" encoding="UTF-8"?>
<testng-results skipped="0" failed="0" ignored="0" total="1" passed="1">
  <reporter-output>
    <line>
      <![CDATA[Element is present-- PASS ]]>
    </line>
    <line>
      <![CDATA[Element is present-- PASS ]]>
    </line>
    <line>
      <![CDATA[Element is present-- PASS ]]>
    </line>
    <line>
      <![CDATA[Required page is displayed]]>
    </line>
    <line>
      <![CDATA[Element is Visible]]>
    </line>
    <line>
      <![CDATA[Required page is displayed]]>
    </line>
    <line>
      <![CDATA[TestCaseName:TestCase_1_ValidHomepage Status:PASS]]>
    </line>
  </reporter-output>
  <suite name="Default suite" duration-ms="17100" started-at="2019-07-17T10:13:28Z" finished-at="2019-07-17T10:13:45Z">
    <groups>
      <group name="smoke">
        <method signature="T2_FunctionalTestCases.TestCase_1_ValidHomepage()[pri:1, instance:script.T2_FunctionalTestCases@4fcd19b3]" name="TestCase_1_ValidHomepage" class="script.T2_FunctionalTestCases"/>
      </group> <!-- smoke -->
    </groups>
    <test name="Default test" duration-ms="17100" started-at="2019-07-17T10:13:28Z" finished-at="2019-07-17T10:13:45Z">
      <class name="script.T2_FunctionalTestCases">
        <test-method status="PASS" signature="openApp(java.lang.String, java.lang.String)[pri:0, instance:script.T2_FunctionalTestCases@4fcd19b3]" name="openApp" is-config="true" duration-ms="10144" started-at="2019-07-17T10:13:28Z" finished-at="2019-07-17T10:13:38Z">
          <params>
            <param index="0">
              <value>
                <![CDATA[localhost]]>
              </value>
            </param>
            <param index="1">
              <value>
                <![CDATA[chrome]]>
              </value>
            </param>
          </params>
          <reporter-output>
          </reporter-output>
        </test-method> <!-- openApp -->
        <test-method status="PASS" signature="TestCase_1_ValidHomepage()[pri:1, instance:script.T2_FunctionalTestCases@4fcd19b3]" name="TestCase_1_ValidHomepage" duration-ms="6919" started-at="2019-07-17T10:13:38Z" description="Verifying Adding Item to Chart" finished-at="2019-07-17T10:13:45Z">
          <reporter-output>
            <line>
              <![CDATA[Element is present-- PASS ]]>
            </line>
            <line>
              <![CDATA[Element is present-- PASS ]]>
            </line>
            <line>
              <![CDATA[Element is present-- PASS ]]>
            </line>
            <line>
              <![CDATA[Required page is displayed]]>
            </line>
            <line>
              <![CDATA[Element is Visible]]>
            </line>
            <line>
              <![CDATA[Required page is displayed]]>
            </line>
          </reporter-output>
        </test-method> <!-- TestCase_1_ValidHomepage -->
        <test-method status="PASS" signature="closeApp(org.testng.ITestResult)[pri:0, instance:script.T2_FunctionalTestCases@4fcd19b3]" name="closeApp" is-config="true" duration-ms="3" started-at="2019-07-17T10:13:45Z" finished-at="2019-07-17T10:13:45Z">
          <params>
            <param index="0">
              <value>
                <![CDATA[[TestResult name=TestCase_1_ValidHomepage status=SUCCESS method=T2_FunctionalTestCases.TestCase_1_ValidHomepage()[pri:1, instance:script.T2_FunctionalTestCases@4fcd19b3] output=Element is present-- PASS ]]]>
              </value>
            </param>
          </params>
          <reporter-output>
            <line>
              <![CDATA[TestCaseName:TestCase_1_ValidHomepage Status:PASS]]>
            </line>
          </reporter-output>
        </test-method> <!-- closeApp -->
      </class> <!-- script.T2_FunctionalTestCases -->
    </test> <!-- Default test -->
  </suite> <!-- Default suite -->
</testng-results>
