<?xml version="1.0" encoding="UTF-8"?>
<testng-results skipped="0" failed="0" ignored="0" total="1" passed="1">
  <reporter-output>
    <line>
      <![CDATA[Element is present-- PASS ]]>
    </line>
    <line>
      <![CDATA[Element is present-- PASS ]]>
    </line>
    <line>
      <![CDATA[Element is present-- PASS ]]>
    </line>
    <line>
      <![CDATA[Required page is displayed]]>
    </line>
    <line>
      <![CDATA[Element is Visible]]>
    </line>
    <line>
      <![CDATA[Required page is displayed]]>
    </line>
    <line>
      <![CDATA[TestCaseName:TestCase_1_ValidLogin Status:PASS]]>
    </line>
  </reporter-output>
  <suite name="Default suite" duration-ms="12931" started-at="2019-07-15T10:49:08Z" finished-at="2019-07-15T10:49:20Z">
    <groups>
      <group name="smoke">
        <method signature="T1_LoginFunctionality.TestCase_1_ValidLogin()[pri:1, instance:script.T1_LoginFunctionality@4fcd19b3]" name="TestCase_1_ValidLogin" class="script.T1_LoginFunctionality"/>
      </group> <!-- smoke -->
    </groups>
    <test name="Default test" duration-ms="12931" started-at="2019-07-15T10:49:08Z" finished-at="2019-07-15T10:49:20Z">
      <class name="script.T1_LoginFunctionality">
        <test-method status="PASS" signature="openApp(java.lang.String, java.lang.String)[pri:0, instance:script.T1_LoginFunctionality@4fcd19b3]" name="openApp" is-config="true" duration-ms="8006" started-at="2019-07-15T10:49:08Z" finished-at="2019-07-15T10:49:16Z">
          <params>
            <param index="0">
              <value>
                <![CDATA[localhost]]>
              </value>
            </param>
            <param index="1">
              <value>
                <![CDATA[chrome]]>
              </value>
            </param>
          </params>
          <reporter-output>
          </reporter-output>
        </test-method> <!-- openApp -->
        <test-method status="PASS" signature="TestCase_1_ValidLogin()[pri:1, instance:script.T1_LoginFunctionality@4fcd19b3]" name="TestCase_1_ValidLogin" duration-ms="3844" started-at="2019-07-15T10:49:16Z" description="Verifying valid login functionality" finished-at="2019-07-15T10:49:19Z">
          <reporter-output>
            <line>
              <![CDATA[Element is present-- PASS ]]>
            </line>
            <line>
              <![CDATA[Element is present-- PASS ]]>
            </line>
            <line>
              <![CDATA[Element is present-- PASS ]]>
            </line>
            <line>
              <![CDATA[Required page is displayed]]>
            </line>
            <line>
              <![CDATA[Element is Visible]]>
            </line>
            <line>
              <![CDATA[Required page is displayed]]>
            </line>
          </reporter-output>
        </test-method> <!-- TestCase_1_ValidLogin -->
        <test-method status="PASS" signature="closeApp(org.testng.ITestResult)[pri:0, instance:script.T1_LoginFunctionality@4fcd19b3]" name="closeApp" is-config="true" duration-ms="1051" started-at="2019-07-15T10:49:19Z" finished-at="2019-07-15T10:49:20Z">
          <params>
            <param index="0">
              <value>
                <![CDATA[[TestResult name=TestCase_1_ValidLogin status=SUCCESS method=T1_LoginFunctionality.TestCase_1_ValidLogin()[pri:1, instance:script.T1_LoginFunctionality@4fcd19b3] output=Element is present-- PASS ]]]>
              </value>
            </param>
          </params>
          <reporter-output>
            <line>
              <![CDATA[TestCaseName:TestCase_1_ValidLogin Status:PASS]]>
            </line>
          </reporter-output>
        </test-method> <!-- closeApp -->
      </class> <!-- script.T1_LoginFunctionality -->
    </test> <!-- Default test -->
  </suite> <!-- Default suite -->
</testng-results>
